<?xml version="1.0" encoding="UTF-8"?>
<!-- Generated by org.testng.reporters.JUnitReportReporter -->
<testsuite hostname="DESKTOP-LAQ4TS2" failures="0" tests="1" name="login.TestValidLogin" time="19.302" errors="0" timestamp="23 sep 2019 19:23:37 GMT" skipped="0">
  <testcase classname="login.TestValidLogin" name="validLogIn" time="19.302"/>
</testsuite> <!-- login.TestValidLogin -->
